[2017-11-10 16:37:29] START
[2017-11-10 17:49:52] EDIT ProyectoFinal/models/menu.py: 0
[2017-11-10 18:41:13] CREATE prueba.html: 0
[2017-11-10 18:41:35] DELETE ProyectoFinal/views/prueba.html: -3
[2017-11-10 18:42:24] EDIT ProyectoFinal/views/default/asteroids.html: 0
[2017-11-10 18:43:28] EDIT ProyectoFinal/views/default/asteroids.html: 0
[2017-11-10 18:48:11] EDIT ProyectoFinal/controllers/default.py: 2
[2017-11-10 18:52:41] EDIT ProyectoFinal/views/default/asteroids.html: -4
[2017-11-10 18:57:33] EDIT ProyectoFinal/views/default/asteroids.html: -10
[2017-11-10 19:05:01] EDIT ProyectoFinal/controllers/default.py: -32
[2017-11-10 19:07:50] EDIT ProyectoFinal/views/default/asteroids.html: 0
[2017-11-10 19:08:14] EDIT ProyectoFinal/views/default/asteroids.html: 0
[2017-11-10 19:08:15] EDIT ProyectoFinal/views/default/asteroids.html: 0
[2017-11-10 19:08:57] EDIT ProyectoFinal/controllers/default.py: 0
[2017-11-10 19:09:16] EDIT ProyectoFinal/controllers/default.py: 0
[2017-11-10 19:14:00] EDIT ProyectoFinal/views/default/index.html: -46
[2017-11-10 19:15:19] EDIT ProyectoFinal/views/default/asteroids.html: 0
[2017-11-10 19:23:00] EDIT ProyectoFinal/controllers/default.py: 0
[2017-11-10 19:26:38] EDIT ProyectoFinal/controllers/default.py: 0
[2017-11-10 19:31:14] EDIT ProyectoFinal/views/default/second.html: 0
[2017-11-10 19:35:36] EDIT ProyectoFinal/views/default/second.html: 0
[2017-11-10 19:42:17] EDIT ProyectoFinal/views/default/second.html: 0
[2017-11-10 19:42:49] EDIT ProyectoFinal/views/default/second.html: 0
[2017-11-10 19:46:38] EDIT ProyectoFinal/views/default/second.html: 1
[2017-11-10 20:02:00] EDIT ProyectoFinal/controllers/default.py: 0
[2017-11-10 20:13:38] EDIT ProyectoFinal/views/default/llorona.html: 0
[2017-11-10 20:13:51] EDIT ProyectoFinal/views/default/asteroids.html: 0
[2017-11-10 20:20:18] EDIT ProyectoFinal/views/default/llorona.html: 0
[2017-11-10 20:22:49] EDIT ProyectoFinal/controllers/default.py: 2
[2017-11-10 20:24:32] EDIT ProyectoFinal/views/default/llorona.html: 0
[2017-11-10 20:39:30] EDIT ProyectoFinal/views/default/llorona.html: 0
[2017-11-12 09:23:50] EDIT ProyectoFinal/views/default/fastclick.html: 0
[2017-11-12 09:25:20] EDIT ProyectoFinal/static/css/estilosFast.css: 0
[2017-11-12 09:26:28] EDIT ProyectoFinal/controllers/default.py: 2
[2017-11-12 09:29:40] EDIT ProyectoFinal/views/default/fastclick.html: 1
[2017-11-12 09:37:16] EDIT ProyectoFinal/static/css/estilosFast.css: 0
[2017-11-12 09:37:34] EDIT ProyectoFinal/static/css/estilosFast.css: 0
[2017-11-12 09:37:35] EDIT ProyectoFinal/static/css/estilosFast.css: 0
[2017-11-12 09:37:35] EDIT ProyectoFinal/static/css/estilosFast.css: 0
[2017-11-12 09:37:36] EDIT ProyectoFinal/static/css/estilosFast.css: 0
[2017-11-12 09:40:14] EDIT ProyectoFinal/static/css/estilosFast.css: 0
[2017-11-19 06:49:49] EDIT ProyectoFinal/models/db.py: -43
[2017-11-19 11:01:41] EDIT ProyectoFinal/models/db.py: 0
[2017-11-19 11:06:14] EDIT ProyectoFinal/models/db.py: 0
[2017-11-19 11:08:42] EDIT ProyectoFinal/models/db.py: 1
[2017-11-19 11:09:42] EDIT ProyectoFinal/models/db.py: 0
[2017-11-19 11:10:32] EDIT ProyectoFinal/models/db.py: 0
[2017-11-19 11:18:37] EDIT ProyectoFinal/models/menu.py: -1
[2017-11-19 11:19:04] EDIT ProyectoFinal/models/menu.py: -3
[2017-11-19 11:34:24] EDIT ProyectoFinal/views/default/index.html: 5
[2017-11-19 11:49:39] EDIT ProyectoFinal/views/default/index.html: 1
[2017-11-19 11:53:01] EDIT ProyectoFinal/views/default/index.html: 1
[2017-11-19 11:53:38] EDIT ProyectoFinal/views/default/index.html: 3
[2017-11-19 11:59:46] EDIT ProyectoFinal/controllers/default.py: -4
[2017-11-19 12:02:18] EDIT ProyectoFinal/controllers/default.py: 1
[2017-11-19 12:04:52] EDIT ProyectoFinal/controllers/default.py: 2
[2017-11-19 12:11:34] EDIT ProyectoFinal/controllers/default.py: -1
[2017-11-19 12:33:33] EDIT ProyectoFinal/controllers/default.py: 3
[2017-11-19 12:40:21] EDIT ProyectoFinal/controllers/default.py: 0
[2017-11-19 12:42:34] EDIT ProyectoFinal/views/default/index.html: 0
[2017-11-19 19:31:28] EDIT ProyectoFinal/views/default/index.html: 0
[2017-11-19 20:03:30] EDIT ProyectoFinal/views/default/index.html: 0
[2017-11-19 20:04:18] EDIT ProyectoFinal/views/default/index.html: 0
[2017-11-19 20:34:13] CREATE opciones.html: 0
[2017-11-19 20:34:23] DELETE ProyectoFinal/views/opciones.html: -3
[2017-11-19 20:34:41] CREATE default/opciones.html: 0
[2017-11-19 20:35:45] EDIT ProyectoFinal/controllers/default.py: 2
[2017-11-19 20:42:34] EDIT ProyectoFinal/views/default/opciones.html: 1
[2017-11-19 20:49:59] EDIT ProyectoFinal/controllers/default.py: 0
[2017-11-19 20:50:54] EDIT ProyectoFinal/views/default/opciones.html: -1
[2017-11-19 20:51:23] EDIT ProyectoFinal/views/default/index.html: 0
[2017-11-19 22:02:27] EDIT ProyectoFinal/views/default/opciones.html: 5
[2017-11-19 22:11:26] EDIT ProyectoFinal/views/default/opciones.html: 6
[2017-11-19 22:12:23] EDIT ProyectoFinal/views/default/opciones.html: 0
[2017-11-19 22:12:57] EDIT ProyectoFinal/views/default/opciones.html: 0
[2017-11-21 09:55:52] CREATE default/recomendar.html: 0
[2017-11-21 09:56:49] EDIT ProyectoFinal/controllers/default.py: 2
[2017-11-21 10:20:31] EDIT ProyectoFinal/controllers/default.py: 1
[2017-11-21 10:23:02] EDIT ProyectoFinal/controllers/default.py: 0
[2017-11-21 10:24:07] EDIT ProyectoFinal/controllers/default.py: 1
[2017-11-21 10:24:20] EDIT ProyectoFinal/controllers/default.py: -1
[2017-11-21 10:25:30] EDIT ProyectoFinal/controllers/default.py: 0
[2017-11-21 10:26:47] EDIT ProyectoFinal/controllers/default.py: 0
[2017-11-21 10:29:08] EDIT ProyectoFinal/controllers/default.py: 0
[2017-11-21 10:34:21] EDIT ProyectoFinal/controllers/default.py: 0
[2017-11-21 10:35:21] EDIT ProyectoFinal/views/default/opciones.html: 0
[2017-11-21 10:37:30] EDIT ProyectoFinal/views/default/opciones.html: 0
[2017-11-21 10:37:38] EDIT ProyectoFinal/controllers/default.py: 0
[2017-11-21 10:38:44] EDIT ProyectoFinal/controllers/default.py: 0
[2017-11-21 10:38:47] EDIT ProyectoFinal/views/default/opciones.html: 0
[2017-11-21 10:49:40] EDIT ProyectoFinal/controllers/default.py: 1
[2017-11-21 10:54:00] EDIT ProyectoFinal/views/default/opciones.html: 0
[2017-11-21 11:10:01] EDIT ProyectoFinal/controllers/default.py: 0
[2017-11-21 11:44:40] EDIT ProyectoFinal/controllers/default.py: 4
[2017-11-21 11:45:34] EDIT ProyectoFinal/controllers/default.py: 0
[2017-11-21 12:10:50] EDIT ProyectoFinal/controllers/default.py: 0
[2017-11-21 12:12:42] EDIT ProyectoFinal/models/db.py: 1
[2017-11-21 12:12:58] EDIT ProyectoFinal/models/db.py: 0
[2017-11-21 12:14:29] EDIT ProyectoFinal/models/db.py: 0
[2017-11-21 12:16:16] EDIT ProyectoFinal/models/db.py: 1
[2017-11-21 12:16:24] EDIT ProyectoFinal/models/db.py: 0
[2017-11-21 12:16:40] EDIT ProyectoFinal/models/db.py: 0
[2017-11-21 12:24:57] EDIT ProyectoFinal/controllers/default.py: 0
[2017-11-21 12:26:18] EDIT ProyectoFinal/controllers/default.py: 0
[2017-11-21 12:29:35] EDIT ProyectoFinal/controllers/default.py: 1
[2017-11-21 12:30:45] EDIT ProyectoFinal/controllers/default.py: 0
[2017-11-21 12:31:13] EDIT ProyectoFinal/controllers/default.py: 0
[2017-11-21 12:35:33] EDIT ProyectoFinal/controllers/default.py: -1
[2017-11-21 12:38:30] EDIT ProyectoFinal/controllers/default.py: 0
[2017-11-21 12:39:05] EDIT ProyectoFinal/controllers/default.py: 0
[2017-11-21 12:39:40] EDIT ProyectoFinal/controllers/default.py: 0
[2017-11-21 12:42:11] EDIT ProyectoFinal/controllers/default.py: 1
[2017-11-21 12:42:49] EDIT ProyectoFinal/controllers/default.py: 0
[2017-11-21 12:47:07] EDIT ProyectoFinal/controllers/default.py: 0
[2017-11-21 13:08:42] EDIT ProyectoFinal/controllers/default.py: 3
[2017-11-21 13:20:58] EDIT ProyectoFinal/controllers/default.py: 0
[2017-11-21 14:42:13] EDIT ProyectoFinal/controllers/default.py: 1
[2017-11-21 15:11:05] EDIT ProyectoFinal/controllers/default.py: 1
[2017-11-21 15:24:00] EDIT ProyectoFinal/controllers/default.py: 1
[2017-11-21 16:58:00] CREATE css/estilosIndex.css: 0
[2017-11-21 18:33:18] EDIT ProyectoFinal/views/default/index.html: 0
[2017-11-21 18:37:42] EDIT ProyectoFinal/views/default/recomendar.html: -1
[2017-11-21 18:46:21] EDIT ProyectoFinal/controllers/default.py: 1
[2017-11-21 18:47:30] EDIT ProyectoFinal/views/default/recomendar.html: 10
[2017-11-21 18:53:33] EDIT ProyectoFinal/controllers/default.py: 0
[2017-11-21 18:53:34] EDIT ProyectoFinal/controllers/default.py: 0
[2017-11-21 20:34:18] CREATE default/tank.html: 0
[2017-11-21 20:35:33] EDIT ProyectoFinal/views/default/tank.html: 51
[2017-11-21 20:35:57] EDIT ProyectoFinal/views/default/tank.html: 0
[2017-11-21 20:36:49] CREATE css/estilosTank.css: 0
[2017-11-21 20:44:21] EDIT ProyectoFinal/controllers/default.py: 2
[2017-11-21 20:44:58] EDIT ProyectoFinal/controllers/default.py: 0
[2017-11-21 20:47:14] EDIT ProyectoFinal/views/default/tank.html: -1
[2017-11-21 20:47:33] EDIT ProyectoFinal/controllers/default.py: 0
[2017-11-21 20:47:51] EDIT ProyectoFinal/controllers/default.py: 0
[2017-11-21 20:49:33] EDIT ProyectoFinal/views/default/tank.html: 0
[2017-11-25 15:36:42] EDIT ProyectoFinal/static/css/estilosTank.css: 0
[2017-11-25 15:37:06] EDIT ProyectoFinal/static/css/estilosTank.css: 0
[2017-11-25 18:02:56] EDIT ProyectoFinal/static/css/estilosTank.css: 0
[2017-11-25 18:04:58] EDIT ProyectoFinal/static/css/estilosTank.css: 0
[2017-11-25 18:10:49] EDIT ProyectoFinal/views/default/tank.html: 0
[2017-11-25 18:10:51] EDIT ProyectoFinal/static/css/estilosTank.css: 0
[2017-11-25 18:21:57] EDIT ProyectoFinal/views/default/tank.html: 0
[2017-11-25 18:22:14] EDIT ProyectoFinal/views/default/tank.html: 0
[2017-11-25 20:00:20] EDIT ProyectoFinal/views/default/tank.html: 0
[2017-11-25 20:02:07] EDIT ProyectoFinal/views/default/tank.html: 0
[2017-11-27 20:25:17] EDIT ProyectoFinal/controllers/default.py: 1
[2017-11-27 20:26:43] EDIT ProyectoFinal/controllers/default.py: 0
[2017-11-27 20:27:39] EDIT ProyectoFinal/views/default/opciones.html: 8
[2017-11-27 20:37:40] EDIT ProyectoFinal/views/default/tank.html: 0
[2017-11-27 20:40:24] EDIT ProyectoFinal/controllers/default.py: 0
[2017-11-27 20:50:24] EDIT ProyectoFinal/controllers/default.py: 2
[2017-11-27 20:50:36] EDIT ProyectoFinal/controllers/default.py: -1
[2017-11-27 20:51:58] EDIT ProyectoFinal/controllers/default.py: 0
[2017-11-27 20:52:46] EDIT ProyectoFinal/controllers/default.py: 0
[2017-11-27 20:56:12] EDIT ProyectoFinal/controllers/default.py: 0
[2017-11-27 20:57:38] EDIT ProyectoFinal/controllers/default.py: 0
[2017-11-27 20:59:43] EDIT ProyectoFinal/controllers/default.py: 0
[2017-11-27 21:02:04] EDIT ProyectoFinal/controllers/default.py: 0
[2017-11-27 21:05:20] EDIT ProyectoFinal/controllers/default.py: 0
[2017-11-30 21:48:45] EDIT ProyectoFinal/controllers/default.py: 5
[2017-11-30 21:49:24] EDIT ProyectoFinal/controllers/default.py: 0
[2017-11-30 22:29:32] EDIT ProyectoFinal/controllers/default.py: 0
[2017-11-30 23:08:43] EDIT ProyectoFinal/controllers/default.py: 0
[2017-11-30 23:11:07] EDIT ProyectoFinal/controllers/default.py: 0
[2017-11-30 23:12:28] EDIT ProyectoFinal/controllers/default.py: 0
[2017-11-30 23:14:31] EDIT ProyectoFinal/controllers/default.py: 0
[2017-11-30 23:14:54] EDIT ProyectoFinal/controllers/default.py: 0
[2017-11-30 23:15:45] EDIT ProyectoFinal/controllers/default.py: 0
[2017-11-30 23:16:18] EDIT ProyectoFinal/controllers/default.py: 0
[2017-11-30 23:17:26] EDIT ProyectoFinal/controllers/default.py: 1
[2017-11-30 23:17:37] EDIT ProyectoFinal/controllers/default.py: 0
[2017-11-30 23:33:16] EDIT ProyectoFinal/controllers/default.py: 0
[2017-11-30 23:33:37] EDIT ProyectoFinal/controllers/default.py: 0
[2017-11-30 23:33:58] EDIT ProyectoFinal/controllers/default.py: 0
[2017-11-30 23:36:40] EDIT ProyectoFinal/controllers/default.py: 0
[2017-12-01 00:32:00] EDIT ProyectoFinal/controllers/default.py: 4
[2017-12-01 00:38:23] EDIT ProyectoFinal/views/default/tank.html: 2
[2017-12-01 00:39:12] EDIT ProyectoFinal/views/default/tank.html: 0
[2017-12-01 00:39:41] EDIT ProyectoFinal/views/default/tank.html: -2
[2017-12-01 00:40:32] EDIT ProyectoFinal/views/default/tank.html: 0
[2017-12-01 00:41:52] EDIT ProyectoFinal/views/default/tank.html: 2
[2017-12-01 00:43:02] EDIT ProyectoFinal/views/default/tank.html: -8
[2017-12-01 00:43:58] EDIT ProyectoFinal/views/default/tank.html: 0
[2017-12-01 00:54:58] EDIT ProyectoFinal/views/default/tank.html: 1
[2017-12-01 00:55:16] EDIT ProyectoFinal/views/default/tank.html: 0
[2017-12-01 00:55:32] EDIT ProyectoFinal/views/default/tank.html: 0
[2017-12-01 00:55:42] EDIT ProyectoFinal/views/default/tank.html: -1
[2017-12-01 00:56:00] EDIT ProyectoFinal/views/default/tank.html: -1
[2017-12-01 00:56:32] EDIT ProyectoFinal/views/default/tank.html: 0
[2017-12-01 01:28:45] EDIT ProyectoFinal/views/default/tank.html: 0
[2017-12-01 01:44:02] EDIT ProyectoFinal/controllers/default.py: 0
[2017-12-01 02:07:22] EDIT ProyectoFinal/controllers/default.py: 0
[2017-12-01 02:27:27] EDIT ProyectoFinal/views/default/recomendar.html: 1
[2017-12-01 02:29:14] EDIT ProyectoFinal/views/default/recomendar.html: 20
[2017-12-01 02:30:20] EDIT ProyectoFinal/views/default/recomendar.html: -7
[2017-12-01 02:32:03] EDIT ProyectoFinal/views/default/recomendar.html: 5
[2017-12-01 02:33:39] EDIT ProyectoFinal/views/default/recomendar.html: 0
[2017-12-01 02:35:21] EDIT ProyectoFinal/views/default/recomendar.html: -6
[2017-12-01 02:37:08] EDIT ProyectoFinal/views/default/recomendar.html: 0
[2017-12-01 02:39:09] EDIT ProyectoFinal/views/default/recomendar.html: 0
[2017-12-01 02:41:48] EDIT ProyectoFinal/views/default/recomendar.html: 6
[2017-12-01 02:42:20] EDIT ProyectoFinal/views/default/recomendar.html: 0
[2017-12-01 02:55:16] EDIT ProyectoFinal/views/default/recomendar.html: 0
[2017-12-01 03:02:45] EDIT ProyectoFinal/views/default/recomendar.html: 0
[2017-12-01 03:07:14] EDIT ProyectoFinal/views/default/recomendar.html: -6
[2017-12-01 03:09:53] EDIT ProyectoFinal/controllers/default.py: 0
[2017-12-01 03:10:33] EDIT ProyectoFinal/controllers/default.py: 0
[2017-12-01 03:11:12] EDIT ProyectoFinal/controllers/default.py: 0
[2017-12-01 03:13:58] EDIT ProyectoFinal/views/default/recomendar.html: 0
[2017-12-01 03:15:31] EDIT ProyectoFinal/views/default/recomendar.html: 5
[2017-12-01 03:18:05] EDIT ProyectoFinal/views/default/recomendar.html: -5
[2017-12-01 03:19:26] EDIT ProyectoFinal/views/default/recomendar.html: 6
[2017-12-01 03:21:39] EDIT ProyectoFinal/views/default/recomendar.html: -1
[2017-12-01 03:31:00] EDIT ProyectoFinal/views/default/recomendar.html: 2
[2017-12-01 03:32:14] EDIT ProyectoFinal/views/default/recomendar.html: 0
[2017-12-01 03:32:31] EDIT ProyectoFinal/views/default/recomendar.html: 1
[2017-12-01 03:42:41] EDIT ProyectoFinal/controllers/default.py: -1
